[0722/124214.569:ERROR:prune_crash_reports.cc(34)] PruneCrashReportDatabase: Failed to get pending reports
[0722/124406.789:ERROR:prune_crash_reports.cc(34)] PruneCrashReportDatabase: Failed to get pending reports
[0722/124444.918:ERROR:prune_crash_reports.cc(34)] PruneCrashReportDatabase: Failed to get pending reports
[0722/124609.720:ERROR:prune_crash_reports.cc(34)] PruneCrashReportDatabase: Failed to get pending reports
[0730/194951.169:ERROR:crash_report_database_win.cc(569)] CreateDirectory C:\Users\Kesy\AppData\Local\Temp\scoped_dir25944_6943\Crashpad: 系统找不到指定的路径。 (0x3)
[0730/194951.188:ERROR:crash_report_database_win.cc(569)] CreateDirectory C:\Users\Kesy\AppData\Local\Temp\scoped_dir25896_29925\Crashpad: 系统找不到指定的路径。 (0x3)
[0730/195000.532:ERROR:file_io_win.cc(179)] CreateFile C:\Users\Kesy\AppData\Local\Temp\scoped_dir29760_1527\Crashpad\settings.dat: 系统找不到指定的路径。 (0x3)
[0730/195021.202:ERROR:crash_report_database_win.cc(569)] CreateDirectory C:\Users\Kesy\AppData\Local\Temp\scoped_dir15848_24594\Crashpad: 系统找不到指定的路径。 (0x3)
[0730/195028.988:ERROR:file_io_win.cc(179)] CreateFile C:\Users\Kesy\AppData\Local\Temp\scoped_dir31048_20177\Crashpad\settings.dat: 系统找不到指定的路径。 (0x3)
[0730/195043.005:ERROR:registration_protocol_win.cc(84)] TransactNamedPipe: 管道已结束。 (0x6D)
[0730/195053.756:ERROR:crash_report_database_win.cc(569)] CreateDirectory C:\Users\Kesy\AppData\Local\Temp\scoped_dir29760_1527\Crashpad: 系统找不到指定的路径。 (0x3)
[0730/195051.219:ERROR:registration_protocol_win.cc(84)] TransactNamedPipe: 管道已结束。 (0x6D)
[0730/195100.468:ERROR:crash_report_database_win.cc(569)] CreateDirectory C:\Users\Kesy\AppData\Local\Temp\scoped_dir31048_20177\Crashpad: 系统找不到指定的路径。 (0x3)
[0730/195248.542:ERROR:file_io_win.cc(179)] CreateFile C:\Users\Kesy\AppData\Local\Temp\scoped_dir28684_31699\Crashpad\settings.dat: 系统找不到指定的路径。 (0x3)
[0730/195533.778:ERROR:registration_protocol_win.cc(84)] TransactNamedPipe: 管道已结束。 (0x6D)
[0730/195601.324:ERROR:crash_report_database_win.cc(569)] CreateDirectory C:\Users\Kesy\AppData\Local\Temp\scoped_dir28684_31699\Crashpad: 系统找不到指定的路径。 (0x3)
[0730/195629.232:ERROR:file_io_win.cc(179)] CreateFile C:\Users\Kesy\AppData\Local\Temp\scoped_dir30624_26694\Crashpad\settings.dat: 系统找不到指定的路径。 (0x3)
[0730/195641.345:ERROR:file_io_win.cc(179)] CreateFile C:\Users\Kesy\AppData\Local\Temp\scoped_dir33452_16644\Crashpad\settings.dat: 系统找不到指定的路径。 (0x3)
[0730/195646.295:ERROR:crash_report_database_win.cc(569)] CreateDirectory C:\Users\Kesy\AppData\Local\Temp\scoped_dir34228_30995\Crashpad\reports: 系统找不到指定的路径。 (0x3)
[0730/195646.327:ERROR:crash_report_database_win.cc(569)] CreateDirectory C:\Users\Kesy\AppData\Local\Temp\scoped_dir42684_4252\Crashpad\reports: 系统找不到指定的路径。 (0x3)
[0730/195704.138:ERROR:registration_protocol_win.cc(84)] TransactNamedPipe: 管道已结束。 (0x6D)
[0730/195703.814:ERROR:registration_protocol_win.cc(84)] TransactNamedPipe: 管道已结束。 (0x6D)
[0730/195721.347:ERROR:crash_report_database_win.cc(569)] CreateDirectory C:\Users\Kesy\AppData\Local\Temp\scoped_dir39692_2064\Crashpad: 系统找不到指定的路径。 (0x3)
[0730/195721.348:ERROR:crash_report_database_win.cc(569)] CreateDirectory C:\Users\Kesy\AppData\Local\Temp\scoped_dir50544_11275\Crashpad: 系统找不到指定的路径。 (0x3)
[0730/195721.390:ERROR:registration_protocol_win.cc(84)] TransactNamedPipe: 管道已结束。 (0x6D)
[0730/195721.401:ERROR:registration_protocol_win.cc(84)] TransactNamedPipe: 管道已结束。 (0x6D)
[0730/195721.555:ERROR:crash_report_database_win.cc(569)] CreateDirectory C:\Users\Kesy\AppData\Local\Temp\scoped_dir44792_6113\Crashpad: 系统找不到指定的路径。 (0x3)
[0730/195721.555:ERROR:crash_report_database_win.cc(569)] CreateDirectory C:\Users\Kesy\AppData\Local\Temp\scoped_dir32980_3069\Crashpad: 系统找不到指定的路径。 (0x3)
[0730/195721.731:ERROR:file_io_win.cc(179)] CreateFile C:\Users\Kesy\AppData\Local\Temp\scoped_dir33592_2565\Crashpad\settings.dat: 系统找不到指定的路径。 (0x3)
[0730/195721.731:ERROR:file_io_win.cc(179)] CreateFile C:\Users\Kesy\AppData\Local\Temp\scoped_dir34156_12219\Crashpad\settings.dat: 系统找不到指定的路径。 (0x3)
[0730/195721.801:ERROR:registration_protocol_win.cc(84)] TransactNamedPipe: 管道已结束。 (0x6D)
[0730/195721.811:ERROR:registration_protocol_win.cc(84)] TransactNamedPipe: 管道已结束。 (0x6D)
[0730/195721.841:ERROR:registration_protocol_win.cc(84)] TransactNamedPipe: 管道已结束。 (0x6D)
[0730/195721.847:ERROR:registration_protocol_win.cc(84)] TransactNamedPipe: 管道已结束。 (0x6D)
[0730/195722.164:ERROR:crash_report_database_win.cc(569)] CreateDirectory C:\Users\Kesy\AppData\Local\Temp\scoped_dir33664_21446\Crashpad: 系统找不到指定的路径。 (0x3)
[0730/195722.174:ERROR:file_io_win.cc(179)] CreateFile C:\Users\Kesy\AppData\Local\Temp\scoped_dir32784_4383\Crashpad\settings.dat: 系统找不到指定的路径。 (0x3)
[0730/195722.177:ERROR:crash_report_database_win.cc(569)] CreateDirectory C:\Users\Kesy\AppData\Local\Temp\scoped_dir42024_20136\Crashpad: 系统找不到指定的路径。 (0x3)
[0730/195722.174:ERROR:file_io_win.cc(179)] CreateFile C:\Users\Kesy\AppData\Local\Temp\scoped_dir34260_17592\Crashpad\settings.dat: 系统找不到指定的路径。 (0x3)
[0730/195722.175:ERROR:file_io_win.cc(179)] CreateFile C:\Users\Kesy\AppData\Local\Temp\scoped_dir33400_14528\Crashpad\settings.dat: 系统找不到指定的路径。 (0x3)
[0730/195722.188:ERROR:registration_protocol_win.cc(84)] TransactNamedPipe: 管道已结束。 (0x6D)
[0730/195722.180:ERROR:file_io_win.cc(179)] CreateFile C:\Users\Kesy\AppData\Local\Temp\scoped_dir40392_734\Crashpad\settings.dat: 系统找不到指定的路径。 (0x3)
[0730/195722.228:ERROR:registration_protocol_win.cc(84)] TransactNamedPipe: 管道已结束。 (0x6D)
[0730/195722.244:ERROR:registration_protocol_win.cc(84)] TransactNamedPipe: 管道已结束。 (0x6D)
[0730/195722.273:ERROR:registration_protocol_win.cc(84)] TransactNamedPipe: 管道已结束。 (0x6D)
[0730/195722.298:ERROR:registration_protocol_win.cc(84)] TransactNamedPipe: 管道已结束。 (0x6D)
[0730/195722.322:ERROR:registration_protocol_win.cc(84)] TransactNamedPipe: 管道已结束。 (0x6D)
[0730/195722.489:ERROR:crash_report_database_win.cc(569)] CreateDirectory C:\Users\Kesy\AppData\Local\Temp\scoped_dir32792_1529\Crashpad: 系统找不到指定的路径。 (0x3)
[0730/195722.489:ERROR:crash_report_database_win.cc(569)] CreateDirectory C:\Users\Kesy\AppData\Local\Temp\scoped_dir19028_7328\Crashpad: 系统找不到指定的路径。 (0x3)
[0730/195722.573:ERROR:registration_protocol_win.cc(84)] TransactNamedPipe: 管道已结束。 (0x6D)
[0730/195722.578:ERROR:registration_protocol_win.cc(84)] TransactNamedPipe: 管道已结束。 (0x6D)
[0730/195722.590:ERROR:crash_report_database_win.cc(569)] CreateDirectory C:\Users\Kesy\AppData\Local\Temp\scoped_dir10460_10466\Crashpad: 系统找不到指定的路径。 (0x3)
[0730/195722.590:ERROR:crash_report_database_win.cc(569)] CreateDirectory C:\Users\Kesy\AppData\Local\Temp\scoped_dir32840_27018\Crashpad: 系统找不到指定的路径。 (0x3)
[0730/195722.596:ERROR:crash_report_database_win.cc(569)] CreateDirectory C:\Users\Kesy\AppData\Local\Temp\scoped_dir32956_15205\Crashpad: 系统找不到指定的路径。 (0x3)
[0730/195722.597:ERROR:crash_report_database_win.cc(569)] CreateDirectory C:\Users\Kesy\AppData\Local\Temp\scoped_dir33584_12765\Crashpad: 系统找不到指定的路径。 (0x3)
[0730/195722.598:ERROR:crash_report_database_win.cc(569)] CreateDirectory C:\Users\Kesy\AppData\Local\Temp\scoped_dir48724_13571\Crashpad: 系统找不到指定的路径。 (0x3)
[0730/195722.612:ERROR:crash_report_database_win.cc(569)] CreateDirectory C:\Users\Kesy\AppData\Local\Temp\scoped_dir41384_15570\Crashpad: 系统找不到指定的路径。 (0x3)
[0730/195722.613:ERROR:crash_report_database_win.cc(569)] CreateDirectory C:\Users\Kesy\AppData\Local\Temp\scoped_dir33360_11876\Crashpad: 系统找不到指定的路径。 (0x3)
[0730/195722.625:ERROR:crash_report_database_win.cc(569)] CreateDirectory C:\Users\Kesy\AppData\Local\Temp\scoped_dir44456_1795\Crashpad: 系统找不到指定的路径。 (0x3)
[0730/195722.689:ERROR:crash_report_database_win.cc(569)] CreateDirectory C:\Users\Kesy\AppData\Local\Temp\scoped_dir50544_11275\Crashpad: 系统找不到指定的路径。 (0x3)
[0730/195722.690:ERROR:crash_report_database_win.cc(569)] CreateDirectory C:\Users\Kesy\AppData\Local\Temp\scoped_dir39692_2064\Crashpad: 系统找不到指定的路径。 (0x3)
[0730/195722.612:ERROR:crash_report_database_win.cc(569)] CreateDirectory C:\Users\Kesy\AppData\Local\Temp\scoped_dir22556_25410\Crashpad: 系统找不到指定的路径。 (0x3)
[0730/195722.701:ERROR:crash_report_database_win.cc(569)] CreateDirectory C:\Users\Kesy\AppData\Local\Temp\scoped_dir33664_21446\Crashpad: 系统找不到指定的路径。 (0x3)
[0730/195722.702:ERROR:crash_report_database_win.cc(569)] CreateDirectory C:\Users\Kesy\AppData\Local\Temp\scoped_dir33592_2565\Crashpad: 系统找不到指定的路径。 (0x3)
[0730/195722.702:ERROR:crash_report_database_win.cc(569)] CreateDirectory C:\Users\Kesy\AppData\Local\Temp\scoped_dir32980_3069\Crashpad: 系统找不到指定的路径。 (0x3)
[0730/195722.703:ERROR:crash_report_database_win.cc(569)] CreateDirectory C:\Users\Kesy\AppData\Local\Temp\scoped_dir34156_12219\Crashpad: 系统找不到指定的路径。 (0x3)
[0730/195722.704:ERROR:crash_report_database_win.cc(569)] CreateDirectory C:\Users\Kesy\AppData\Local\Temp\scoped_dir33400_14528\Crashpad: 系统找不到指定的路径。 (0x3)
[0730/195722.705:ERROR:crash_report_database_win.cc(569)] CreateDirectory C:\Users\Kesy\AppData\Local\Temp\scoped_dir32792_1529\Crashpad: 系统找不到指定的路径。 (0x3)
[0730/195722.706:ERROR:crash_report_database_win.cc(569)] CreateDirectory C:\Users\Kesy\AppData\Local\Temp\scoped_dir19028_7328\Crashpad: 系统找不到指定的路径。 (0x3)
[0730/195722.705:ERROR:crash_report_database_win.cc(569)] CreateDirectory C:\Users\Kesy\AppData\Local\Temp\scoped_dir40392_734\Crashpad: 系统找不到指定的路径。 (0x3)
[0730/195722.725:ERROR:crash_report_database_win.cc(569)] CreateDirectory C:\Users\Kesy\AppData\Local\Temp\scoped_dir34260_17592\Crashpad: 系统找不到指定的路径。 (0x3)
[0730/195722.770:ERROR:crash_report_database_win.cc(569)] CreateDirectory C:\Users\Kesy\AppData\Local\Temp\scoped_dir42024_20136\Crashpad: 系统找不到指定的路径。 (0x3)
[0730/195722.775:ERROR:crash_report_database_win.cc(569)] CreateDirectory C:\Users\Kesy\AppData\Local\Temp\scoped_dir32784_4383\Crashpad: 系统找不到指定的路径。 (0x3)
[0730/195722.950:ERROR:crash_report_database_win.cc(569)] CreateDirectory C:\Users\Kesy\AppData\Local\Temp\scoped_dir44792_6113\Crashpad: 系统找不到指定的路径。 (0x3)
[0730/195722.714:ERROR:registration_protocol_win.cc(84)] TransactNamedPipe: 管道已结束。 (0x6D)
[0730/195723.212:ERROR:crash_report_database_win.cc(569)] CreateDirectory C:\Users\Kesy\AppData\Local\Temp\scoped_dir10460_10466\Crashpad: 系统找不到指定的路径。 (0x3)
[0730/195722.862:ERROR:registration_protocol_win.cc(84)] TransactNamedPipe: 管道已结束。 (0x6D)
[0730/195724.744:ERROR:crash_report_database_win.cc(569)] CreateDirectory C:\Users\Kesy\AppData\Local\Temp\scoped_dir33584_12765\Crashpad: 系统找不到指定的路径。 (0x3)
[0730/195723.336:ERROR:registration_protocol_win.cc(84)] TransactNamedPipe: 管道已结束。 (0x6D)
[0730/195725.193:ERROR:crash_report_database_win.cc(569)] CreateDirectory C:\Users\Kesy\AppData\Local\Temp\scoped_dir32840_27018\Crashpad: 系统找不到指定的路径。 (0x3)
[0730/195723.342:ERROR:registration_protocol_win.cc(84)] TransactNamedPipe: 管道已结束。 (0x6D)
[0730/195725.232:ERROR:crash_report_database_win.cc(569)] CreateDirectory C:\Users\Kesy\AppData\Local\Temp\scoped_dir48724_13571\Crashpad: 系统找不到指定的路径。 (0x3)
[0730/195723.456:ERROR:registration_protocol_win.cc(84)] TransactNamedPipe: 管道已结束。 (0x6D)
[0730/195725.270:ERROR:crash_report_database_win.cc(569)] CreateDirectory C:\Users\Kesy\AppData\Local\Temp\scoped_dir33360_11876\Crashpad: 系统找不到指定的路径。 (0x3)
[0730/195723.514:ERROR:registration_protocol_win.cc(84)] TransactNamedPipe: 管道已结束。 (0x6D)
[0730/195725.307:ERROR:crash_report_database_win.cc(569)] CreateDirectory C:\Users\Kesy\AppData\Local\Temp\scoped_dir41384_15570\Crashpad: 系统找不到指定的路径。 (0x3)
[0730/195723.516:ERROR:registration_protocol_win.cc(84)] TransactNamedPipe: 管道已结束。 (0x6D)
[0730/195725.311:ERROR:crash_report_database_win.cc(569)] CreateDirectory C:\Users\Kesy\AppData\Local\Temp\scoped_dir32956_15205\Crashpad: 系统找不到指定的路径。 (0x3)
[0730/195723.579:ERROR:registration_protocol_win.cc(84)] TransactNamedPipe: 管道已结束。 (0x6D)
[0730/195725.313:ERROR:crash_report_database_win.cc(569)] CreateDirectory C:\Users\Kesy\AppData\Local\Temp\scoped_dir44456_1795\Crashpad: 系统找不到指定的路径。 (0x3)
[0730/195723.474:ERROR:registration_protocol_win.cc(84)] TransactNamedPipe: 管道已结束。 (0x6D)
[0730/195725.319:ERROR:crash_report_database_win.cc(569)] CreateDirectory C:\Users\Kesy\AppData\Local\Temp\scoped_dir22556_25410\Crashpad: 系统找不到指定的路径。 (0x3)
[0730/195724.510:ERROR:crash_report_database_win.cc(569)] CreateDirectory C:\Users\Kesy\AppData\Local\Temp\scoped_dir44432_11883\Crashpad: 系统找不到指定的路径。 (0x3)
[0730/195726.207:ERROR:registration_protocol_win.cc(84)] TransactNamedPipe: 管道已结束。 (0x6D)
[0730/195728.036:ERROR:crash_report_database_win.cc(569)] CreateDirectory C:\Users\Kesy\AppData\Local\Temp\scoped_dir44432_11883\Crashpad: 系统找不到指定的路径。 (0x3)
[0730/195727.623:ERROR:file_io_win.cc(179)] CreateFile C:\Users\Kesy\AppData\Local\Temp\scoped_dir54436_6409\Crashpad\settings.dat: 系统找不到指定的路径。 (0x3)
[0730/195729.088:ERROR:registration_protocol_win.cc(84)] TransactNamedPipe: 管道已结束。 (0x6D)
[0730/195729.431:ERROR:crash_report_database_win.cc(569)] CreateDirectory C:\Users\Kesy\AppData\Local\Temp\scoped_dir54436_6409\Crashpad: 系统找不到指定的路径。 (0x3)
[0730/195748.741:ERROR:crash_report_database_win.cc(569)] CreateDirectory C:\Users\Kesy\AppData\Local\Temp\scoped_dir34360_12351\Crashpad: 系统找不到指定的路径。 (0x3)
[0730/195752.575:FATAL:thread_win.cc(25)] : 页面文件太小，无法完成操作。 (0x5AF)
[0730/195753.060:ERROR:crash_report_database_win.cc(569)] CreateDirectory C:\Users\Kesy\AppData\Local\Temp\scoped_dir43556_30039\Crashpad: 系统找不到指定的路径。 (0x3)
[0730/195753.048:ERROR:crash_report_database_win.cc(569)] CreateDirectory C:\Users\Kesy\AppData\Local\Temp\scoped_dir44864_3319\Crashpad: 系统找不到指定的路径。 (0x3)
[0730/195753.184:ERROR:crash_report_database_win.cc(569)] CreateDirectory C:\Users\Kesy\AppData\Local\Temp\scoped_dir49496_26406\Crashpad: 系统找不到指定的路径。 (0x3)
[0730/195758.537:ERROR:registration_protocol_win.cc(84)] TransactNamedPipe: 管道已结束。 (0x6D)
[0730/195758.836:ERROR:crash_report_database_win.cc(547)] GetFileAttributes C:\Users\Kesy\AppData\Local\Temp\scoped_dir38348_31577\Crashpad: 系统找不到指定的路径。 (0x3)
[0730/195801.433:ERROR:registration_protocol_win.cc(84)] TransactNamedPipe: 管道已结束。 (0x6D)
[0730/195803.080:ERROR:crash_report_database_win.cc(569)] CreateDirectory C:\Users\Kesy\AppData\Local\Temp\scoped_dir38348_31577\Crashpad: 系统找不到指定的路径。 (0x3)
